<?xml version="1.0" encoding="UTF-8"?>
<testng-results total="0" passed="0" failed="0" skipped="0">
  <reporter-output>
  </reporter-output>
  <suite started-at="2023-11-24T23:17:31Z" name="com.isabelprueba.trabajo.integrador.Model.ClienteTest" finished-at="2023-11-24T23:17:31Z" duration-ms="16">
    <groups>
    </groups>
    <test started-at="2023-11-24T23:17:31Z" name="Command line test" finished-at="2023-11-24T23:17:31Z" duration-ms="16">
    </test> <!-- Command line test -->
  </suite> <!-- com.isabelprueba.trabajo.integrador.Model.ClienteTest -->
</testng-results>
